0 info it worked if it ends with ok
1 verbose cli [ 'D:\\nodeJs\\node.exe',
1 verbose cli   'D:\\nodeJs\\node_modules\\npm\\bin\\npm-cli.js',
1 verbose cli   'start' ]
2 info using npm@3.10.10
3 info using node@v6.10.1
4 verbose run-script [ 'prestart', 'start', 'poststart' ]
5 info lifecycle FMPROJ_MeetingPersonnelRTLS@1.0.0~prestart: FMPROJ_MeetingPersonnelRTLS@1.0.0
6 silly lifecycle FMPROJ_MeetingPersonnelRTLS@1.0.0~prestart: no script for prestart, continuing
7 info lifecycle FMPROJ_MeetingPersonnelRTLS@1.0.0~start: FMPROJ_MeetingPersonnelRTLS@1.0.0
8 verbose lifecycle FMPROJ_MeetingPersonnelRTLS@1.0.0~start: unsafe-perm in lifecycle true
9 verbose lifecycle FMPROJ_MeetingPersonnelRTLS@1.0.0~start: PATH: D:\nodeJs\node_modules\npm\bin\node-gyp-bin;F:\WebStorm_work\MaiDing_20170831\trunk\frontend\node_modules\.bin;C:\Windows\system32;C:\Windows;C:\Windows\System32\Wbem;C:\Windows\System32\WindowsPowerShell\v1.0\;D:\nodeJs\;D:\node.js\global;D:\nodeJs;C:\Program Files\TortoiseSVN\bin;C:\Users\10041\AppData\Local\Microsoft\WindowsApps;C:\Users\10041\AppData\Roaming\npm
10 verbose lifecycle FMPROJ_MeetingPersonnelRTLS@1.0.0~start: CWD: F:\WebStorm_work\MaiDing_20170831\trunk\frontend
11 silly lifecycle FMPROJ_MeetingPersonnelRTLS@1.0.0~start: Args: [ '/d /s /c',
11 silly lifecycle   'webpack-dev-server --config webpack.develop.config.js --inline --colors' ]
12 verbose stack Error: kill ENOSYS
12 verbose stack     at exports._errnoException (util.js:1018:11)
12 verbose stack     at process.kill (internal/process.js:190:13)
12 verbose stack     at process.listener (D:\nodeJs\node_modules\npm\node_modules\npmlog\node_modules\gauge\node_modules\signal-exit\index.js:86:15)
12 verbose stack     at emitNone (events.js:91:20)
12 verbose stack     at process.emit (events.js:185:7)
12 verbose stack     at processEmit (D:\nodeJs\node_modules\npm\node_modules\npmlog\node_modules\gauge\node_modules\signal-exit\index.js:146:32)
12 verbose stack     at processEmit (D:\nodeJs\node_modules\npm\node_modules\npm-registry-client\node_modules\npmlog\node_modules\gauge\node_modules\signal-exit\index.js:146:32)
12 verbose stack     at Signal.wrap.onsignal (internal/process.js:217:44)
13 verbose cwd F:\WebStorm_work\MaiDing_20170831\trunk\frontend
14 error Windows_NT 10.0.15063
15 error argv "D:\\nodeJs\\node.exe" "D:\\nodeJs\\node_modules\\npm\\bin\\npm-cli.js" "start"
16 error node v6.10.1
17 error npm  v3.10.10
18 error code ENOSYS
19 error errno ENOSYS
20 error syscall kill
21 error kill ENOSYS
22 error If you need help, you may report this error at:
22 error     <https://github.com/npm/npm/issues>
23 verbose exit [ 1, true ]
